<?xml version="1.0" encoding="UTF-8"?>
<testsuite xmlns:xsi="http://www.w3.org/2001/XMLSchema-instance" xsi:noNamespaceSchemaLocation="https://maven.apache.org/surefire/maven-surefire-plugin/xsd/surefire-test-report-3.0.xsd" version="3.0" name="com.example.demo.ApiServerApplicationTests" time="6.576" tests="1" errors="0" skipped="0" failures="0">
  <properties>
    <property name="java.specification.version" value="17"/>
    <property name="sun.cpu.isalist" value="amd64"/>
    <property name="sun.jnu.encoding" value="GBK"/>
    <property name="java.class.path" value="D:\eclipse-workspace\api_server\target\test-classes;D:\eclipse-workspace\api_server\target\classes;D:\apache-maven-3.9.9-bin\apache-maven-3.9.9\repo\org\springframework\boot\spring-boot-starter-data-jpa\3.3.5\spring-boot-starter-data-jpa-3.3.5.jar;D:\apache-maven-3.9.9-bin\apache-maven-3.9.9\repo\org\springframework\boot\spring-boot-starter-aop\3.3.5\spring-boot-starter-aop-3.3.5.jar;D:\apache-maven-3.9.9-bin\apache-maven-3.9.9\repo\org\springframework\spring-aop\6.1.14\spring-aop-6.1.14.jar;D:\apache-maven-3.9.9-bin\apache-maven-3.9.9\repo\org\aspectj\aspectjweaver\1.9.22.1\aspectjweaver-1.9.22.1.jar;D:\apache-maven-3.9.9-bin\apache-maven-3.9.9\repo\org\springframework\boot\spring-boot-starter-jdbc\3.3.5\spring-boot-starter-jdbc-3.3.5.jar;D:\apache-maven-3.9.9-bin\apache-maven-3.9.9\repo\com\zaxxer\HikariCP\5.1.0\HikariCP-5.1.0.jar;D:\apache-maven-3.9.9-bin\apache-maven-3.9.9\repo\org\springframework\spring-jdbc\6.1.14\spring-jdbc-6.1.14.jar;D:\apache-maven-3.9.9-bin\apache-maven-3.9.9\repo\org\hibernate\orm\hibernate-core\6.5.3.Final\hibernate-core-6.5.3.Final.jar;D:\apache-maven-3.9.9-bin\apache-maven-3.9.9\repo\jakarta\persistence\jakarta.persistence-api\3.1.0\jakarta.persistence-api-3.1.0.jar;D:\apache-maven-3.9.9-bin\apache-maven-3.9.9\repo\jakarta\transaction\jakarta.transaction-api\2.0.1\jakarta.transaction-api-2.0.1.jar;D:\apache-maven-3.9.9-bin\apache-maven-3.9.9\repo\org\jboss\logging\jboss-logging\3.5.3.Final\jboss-logging-3.5.3.Final.jar;D:\apache-maven-3.9.9-bin\apache-maven-3.9.9\repo\org\hibernate\common\hibernate-commons-annotations\6.0.6.Final\hibernate-commons-annotations-6.0.6.Final.jar;D:\apache-maven-3.9.9-bin\apache-maven-3.9.9\repo\io\smallrye\jandex\3.1.2\jandex-3.1.2.jar;D:\apache-maven-3.9.9-bin\apache-maven-3.9.9\repo\com\fasterxml\classmate\1.7.0\classmate-1.7.0.jar;D:\apache-maven-3.9.9-bin\apache-maven-3.9.9\repo\net\bytebuddy\byte-buddy\1.14.19\byte-buddy-1.14.19.jar;D:\apache-maven-3.9.9-bin\apache-maven-3.9.9\repo\org\glassfish\jaxb\jaxb-runtime\4.0.5\jaxb-runtime-4.0.5.jar;D:\apache-maven-3.9.9-bin\apache-maven-3.9.9\repo\org\glassfish\jaxb\jaxb-core\4.0.5\jaxb-core-4.0.5.jar;D:\apache-maven-3.9.9-bin\apache-maven-3.9.9\repo\org\eclipse\angus\angus-activation\2.0.2\angus-activation-2.0.2.jar;D:\apache-maven-3.9.9-bin\apache-maven-3.9.9\repo\org\glassfish\jaxb\txw2\4.0.5\txw2-4.0.5.jar;D:\apache-maven-3.9.9-bin\apache-maven-3.9.9\repo\com\sun\istack\istack-commons-runtime\4.1.2\istack-commons-runtime-4.1.2.jar;D:\apache-maven-3.9.9-bin\apache-maven-3.9.9\repo\jakarta\inject\jakarta.inject-api\2.0.1\jakarta.inject-api-2.0.1.jar;D:\apache-maven-3.9.9-bin\apache-maven-3.9.9\repo\org\antlr\antlr4-runtime\4.13.0\antlr4-runtime-4.13.0.jar;D:\apache-maven-3.9.9-bin\apache-maven-3.9.9\repo\org\springframework\data\spring-data-jpa\3.3.5\spring-data-jpa-3.3.5.jar;D:\apache-maven-3.9.9-bin\apache-maven-3.9.9\repo\org\springframework\data\spring-data-commons\3.3.5\spring-data-commons-3.3.5.jar;D:\apache-maven-3.9.9-bin\apache-maven-3.9.9\repo\org\springframework\spring-orm\6.1.14\spring-orm-6.1.14.jar;D:\apache-maven-3.9.9-bin\apache-maven-3.9.9\repo\org\springframework\spring-context\6.1.14\spring-context-6.1.14.jar;D:\apache-maven-3.9.9-bin\apache-maven-3.9.9\repo\org\springframework\spring-tx\6.1.14\spring-tx-6.1.14.jar;D:\apache-maven-3.9.9-bin\apache-maven-3.9.9\repo\org\springframework\spring-beans\6.1.14\spring-beans-6.1.14.jar;D:\apache-maven-3.9.9-bin\apache-maven-3.9.9\repo\jakarta\annotation\jakarta.annotation-api\2.1.1\jakarta.annotation-api-2.1.1.jar;D:\apache-maven-3.9.9-bin\apache-maven-3.9.9\repo\org\slf4j\slf4j-api\2.0.16\slf4j-api-2.0.16.jar;D:\apache-maven-3.9.9-bin\apache-maven-3.9.9\repo\org\springframework\spring-aspects\6.1.14\spring-aspects-6.1.14.jar;D:\apache-maven-3.9.9-bin\apache-maven-3.9.9\repo\org\springframework\boot\spring-boot-starter-web\3.3.5\spring-boot-starter-web-3.3.5.jar;D:\apache-maven-3.9.9-bin\apache-maven-3.9.9\repo\org\springframework\boot\spring-boot-starter\3.3.5\spring-boot-starter-3.3.5.jar;D:\apache-maven-3.9.9-bin\apache-maven-3.9.9\repo\org\springframework\boot\spring-boot\3.3.5\spring-boot-3.3.5.jar;D:\apache-maven-3.9.9-bin\apache-maven-3.9.9\repo\org\springframework\boot\spring-boot-starter-logging\3.3.5\spring-boot-starter-logging-3.3.5.jar;D:\apache-maven-3.9.9-bin\apache-maven-3.9.9\repo\ch\qos\logback\logback-classic\1.5.11\logback-classic-1.5.11.jar;D:\apache-maven-3.9.9-bin\apache-maven-3.9.9\repo\ch\qos\logback\logback-core\1.5.11\logback-core-1.5.11.jar;D:\apache-maven-3.9.9-bin\apache-maven-3.9.9\repo\org\apache\logging\log4j\log4j-to-slf4j\2.23.1\log4j-to-slf4j-2.23.1.jar;D:\apache-maven-3.9.9-bin\apache-maven-3.9.9\repo\org\apache\logging\log4j\log4j-api\2.23.1\log4j-api-2.23.1.jar;D:\apache-maven-3.9.9-bin\apache-maven-3.9.9\repo\org\slf4j\jul-to-slf4j\2.0.16\jul-to-slf4j-2.0.16.jar;D:\apache-maven-3.9.9-bin\apache-maven-3.9.9\repo\org\yaml\snakeyaml\2.2\snakeyaml-2.2.jar;D:\apache-maven-3.9.9-bin\apache-maven-3.9.9\repo\org\springframework\boot\spring-boot-starter-json\3.3.5\spring-boot-starter-json-3.3.5.jar;D:\apache-maven-3.9.9-bin\apache-maven-3.9.9\repo\com\fasterxml\jackson\core\jackson-databind\2.17.2\jackson-databind-2.17.2.jar;D:\apache-maven-3.9.9-bin\apache-maven-3.9.9\repo\com\fasterxml\jackson\core\jackson-annotations\2.17.2\jackson-annotations-2.17.2.jar;D:\apache-maven-3.9.9-bin\apache-maven-3.9.9\repo\com\fasterxml\jackson\core\jackson-core\2.17.2\jackson-core-2.17.2.jar;D:\apache-maven-3.9.9-bin\apache-maven-3.9.9\repo\com\fasterxml\jackson\datatype\jackson-datatype-jdk8\2.17.2\jackson-datatype-jdk8-2.17.2.jar;D:\apache-maven-3.9.9-bin\apache-maven-3.9.9\repo\com\fasterxml\jackson\datatype\jackson-datatype-jsr310\2.17.2\jackson-datatype-jsr310-2.17.2.jar;D:\apache-maven-3.9.9-bin\apache-maven-3.9.9\repo\com\fasterxml\jackson\module\jackson-module-parameter-names\2.17.2\jackson-module-parameter-names-2.17.2.jar;D:\apache-maven-3.9.9-bin\apache-maven-3.9.9\repo\org\springframework\boot\spring-boot-starter-tomcat\3.3.5\spring-boot-starter-tomcat-3.3.5.jar;D:\apache-maven-3.9.9-bin\apache-maven-3.9.9\repo\org\apache\tomcat\embed\tomcat-embed-core\10.1.31\tomcat-embed-core-10.1.31.jar;D:\apache-maven-3.9.9-bin\apache-maven-3.9.9\repo\org\apache\tomcat\embed\tomcat-embed-el\10.1.31\tomcat-embed-el-10.1.31.jar;D:\apache-maven-3.9.9-bin\apache-maven-3.9.9\repo\org\apache\tomcat\embed\tomcat-embed-websocket\10.1.31\tomcat-embed-websocket-10.1.31.jar;D:\apache-maven-3.9.9-bin\apache-maven-3.9.9\repo\org\springframework\spring-web\6.1.14\spring-web-6.1.14.jar;D:\apache-maven-3.9.9-bin\apache-maven-3.9.9\repo\io\micrometer\micrometer-observation\1.13.6\micrometer-observation-1.13.6.jar;D:\apache-maven-3.9.9-bin\apache-maven-3.9.9\repo\io\micrometer\micrometer-commons\1.13.6\micrometer-commons-1.13.6.jar;D:\apache-maven-3.9.9-bin\apache-maven-3.9.9\repo\org\springframework\spring-webmvc\6.1.14\spring-webmvc-6.1.14.jar;D:\apache-maven-3.9.9-bin\apache-maven-3.9.9\repo\org\springframework\spring-expression\6.1.14\spring-expression-6.1.14.jar;D:\apache-maven-3.9.9-bin\apache-maven-3.9.9\repo\com\baomidou\mybatis-plus-spring-boot3-starter\3.5.5\mybatis-plus-spring-boot3-starter-3.5.5.jar;D:\apache-maven-3.9.9-bin\apache-maven-3.9.9\repo\com\baomidou\mybatis-plus\3.5.5\mybatis-plus-3.5.5.jar;D:\apache-maven-3.9.9-bin\apache-maven-3.9.9\repo\com\baomidou\mybatis-plus-core\3.5.5\mybatis-plus-core-3.5.5.jar;D:\apache-maven-3.9.9-bin\apache-maven-3.9.9\repo\com\baomidou\mybatis-plus-annotation\3.5.5\mybatis-plus-annotation-3.5.5.jar;D:\apache-maven-3.9.9-bin\apache-maven-3.9.9\repo\com\baomidou\mybatis-plus-extension\3.5.5\mybatis-plus-extension-3.5.5.jar;D:\apache-maven-3.9.9-bin\apache-maven-3.9.9\repo\org\mybatis\mybatis\3.5.15\mybatis-3.5.15.jar;D:\apache-maven-3.9.9-bin\apache-maven-3.9.9\repo\com\github\jsqlparser\jsqlparser\4.6\jsqlparser-4.6.jar;D:\apache-maven-3.9.9-bin\apache-maven-3.9.9\repo\org\mybatis\mybatis-spring\3.0.3\mybatis-spring-3.0.3.jar;D:\apache-maven-3.9.9-bin\apache-maven-3.9.9\repo\com\baomidou\mybatis-plus-spring-boot-autoconfigure\3.5.5\mybatis-plus-spring-boot-autoconfigure-3.5.5.jar;D:\apache-maven-3.9.9-bin\apache-maven-3.9.9\repo\org\springframework\boot\spring-boot-autoconfigure\3.3.5\spring-boot-autoconfigure-3.3.5.jar;D:\apache-maven-3.9.9-bin\apache-maven-3.9.9\repo\com\mysql\mysql-connector-j\8.3.0\mysql-connector-j-8.3.0.jar;D:\apache-maven-3.9.9-bin\apache-maven-3.9.9\repo\org\projectlombok\lombok\1.18.34\lombok-1.18.34.jar;D:\apache-maven-3.9.9-bin\apache-maven-3.9.9\repo\org\springframework\boot\spring-boot-starter-test\3.3.5\spring-boot-starter-test-3.3.5.jar;D:\apache-maven-3.9.9-bin\apache-maven-3.9.9\repo\org\springframework\boot\spring-boot-test\3.3.5\spring-boot-test-3.3.5.jar;D:\apache-maven-3.9.9-bin\apache-maven-3.9.9\repo\org\springframework\boot\spring-boot-test-autoconfigure\3.3.5\spring-boot-test-autoconfigure-3.3.5.jar;D:\apache-maven-3.9.9-bin\apache-maven-3.9.9\repo\com\jayway\jsonpath\json-path\2.9.0\json-path-2.9.0.jar;D:\apache-maven-3.9.9-bin\apache-maven-3.9.9\repo\jakarta\xml\bind\jakarta.xml.bind-api\4.0.2\jakarta.xml.bind-api-4.0.2.jar;D:\apache-maven-3.9.9-bin\apache-maven-3.9.9\repo\jakarta\activation\jakarta.activation-api\2.1.3\jakarta.activation-api-2.1.3.jar;D:\apache-maven-3.9.9-bin\apache-maven-3.9.9\repo\net\minidev\json-smart\2.5.1\json-smart-2.5.1.jar;D:\apache-maven-3.9.9-bin\apache-maven-3.9.9\repo\net\minidev\accessors-smart\2.5.1\accessors-smart-2.5.1.jar;D:\apache-maven-3.9.9-bin\apache-maven-3.9.9\repo\org\ow2\asm\asm\9.6\asm-9.6.jar;D:\apache-maven-3.9.9-bin\apache-maven-3.9.9\repo\org\assertj\assertj-core\3.25.3\assertj-core-3.25.3.jar;D:\apache-maven-3.9.9-bin\apache-maven-3.9.9\repo\org\awaitility\awaitility\4.2.2\awaitility-4.2.2.jar;D:\apache-maven-3.9.9-bin\apache-maven-3.9.9\repo\org\hamcrest\hamcrest\2.2\hamcrest-2.2.jar;D:\apache-maven-3.9.9-bin\apache-maven-3.9.9\repo\org\junit\jupiter\junit-jupiter\5.10.5\junit-jupiter-5.10.5.jar;D:\apache-maven-3.9.9-bin\apache-maven-3.9.9\repo\org\junit\jupiter\junit-jupiter-api\5.10.5\junit-jupiter-api-5.10.5.jar;D:\apache-maven-3.9.9-bin\apache-maven-3.9.9\repo\org\opentest4j\opentest4j\1.3.0\opentest4j-1.3.0.jar;D:\apache-maven-3.9.9-bin\apache-maven-3.9.9\repo\org\junit\platform\junit-platform-commons\1.10.5\junit-platform-commons-1.10.5.jar;D:\apache-maven-3.9.9-bin\apache-maven-3.9.9\repo\org\apiguardian\apiguardian-api\1.1.2\apiguardian-api-1.1.2.jar;D:\apache-maven-3.9.9-bin\apache-maven-3.9.9\repo\org\junit\jupiter\junit-jupiter-params\5.10.5\junit-jupiter-params-5.10.5.jar;D:\apache-maven-3.9.9-bin\apache-maven-3.9.9\repo\org\junit\jupiter\junit-jupiter-engine\5.10.5\junit-jupiter-engine-5.10.5.jar;D:\apache-maven-3.9.9-bin\apache-maven-3.9.9\repo\org\junit\platform\junit-platform-engine\1.10.5\junit-platform-engine-1.10.5.jar;D:\apache-maven-3.9.9-bin\apache-maven-3.9.9\repo\org\mockito\mockito-core\5.11.0\mockito-core-5.11.0.jar;D:\apache-maven-3.9.9-bin\apache-maven-3.9.9\repo\net\bytebuddy\byte-buddy-agent\1.14.19\byte-buddy-agent-1.14.19.jar;D:\apache-maven-3.9.9-bin\apache-maven-3.9.9\repo\org\objenesis\objenesis\3.3\objenesis-3.3.jar;D:\apache-maven-3.9.9-bin\apache-maven-3.9.9\repo\org\mockito\mockito-junit-jupiter\5.11.0\mockito-junit-jupiter-5.11.0.jar;D:\apache-maven-3.9.9-bin\apache-maven-3.9.9\repo\org\skyscreamer\jsonassert\1.5.3\jsonassert-1.5.3.jar;D:\apache-maven-3.9.9-bin\apache-maven-3.9.9\repo\com\vaadin\external\google\android-json\0.0.20131108.vaadin1\android-json-0.0.20131108.vaadin1.jar;D:\apache-maven-3.9.9-bin\apache-maven-3.9.9\repo\org\springframework\spring-core\6.1.14\spring-core-6.1.14.jar;D:\apache-maven-3.9.9-bin\apache-maven-3.9.9\repo\org\springframework\spring-jcl\6.1.14\spring-jcl-6.1.14.jar;D:\apache-maven-3.9.9-bin\apache-maven-3.9.9\repo\org\springframework\spring-test\6.1.14\spring-test-6.1.14.jar;D:\apache-maven-3.9.9-bin\apache-maven-3.9.9\repo\org\xmlunit\xmlunit-core\2.9.1\xmlunit-core-2.9.1.jar;D:\apache-maven-3.9.9-bin\apache-maven-3.9.9\repo\javax\persistence\persistence-api\1.0.2\persistence-api-1.0.2.jar;D:\apache-maven-3.9.9-bin\apache-maven-3.9.9\repo\javax\annotation\javax.annotation-api\1.3.2\javax.annotation-api-1.3.2.jar;"/>
    <property name="java.vm.vendor" value="Oracle Corporation"/>
    <property name="sun.arch.data.model" value="64"/>
    <property name="user.variant" value=""/>
    <property name="java.vendor.url" value="https://java.oracle.com/"/>
    <property name="user.timezone" value="Asia/Shanghai"/>
    <property name="org.jboss.logging.provider" value="slf4j"/>
    <property name="os.name" value="Windows 11"/>
    <property name="java.vm.specification.version" value="17"/>
    <property name="sun.java.launcher" value="SUN_STANDARD"/>
    <property name="user.country" value="CN"/>
    <property name="sun.boot.library.path" value="D:\Java\jdk17\bin"/>
    <property name="sun.java.command" value="C:\Users\19222\AppData\Local\Temp\surefire15850233506031109442\surefirebooter-20241115145251845_3.jar C:\Users\19222\AppData\Local\Temp\surefire15850233506031109442 2024-11-15T14-52-46_752-jvmRun1 surefire-20241115145251845_1tmp surefire_0-20241115145251845_2tmp"/>
    <property name="jdk.debug" value="release"/>
    <property name="surefire.test.class.path" value="D:\eclipse-workspace\api_server\target\test-classes;D:\eclipse-workspace\api_server\target\classes;D:\apache-maven-3.9.9-bin\apache-maven-3.9.9\repo\org\springframework\boot\spring-boot-starter-data-jpa\3.3.5\spring-boot-starter-data-jpa-3.3.5.jar;D:\apache-maven-3.9.9-bin\apache-maven-3.9.9\repo\org\springframework\boot\spring-boot-starter-aop\3.3.5\spring-boot-starter-aop-3.3.5.jar;D:\apache-maven-3.9.9-bin\apache-maven-3.9.9\repo\org\springframework\spring-aop\6.1.14\spring-aop-6.1.14.jar;D:\apache-maven-3.9.9-bin\apache-maven-3.9.9\repo\org\aspectj\aspectjweaver\1.9.22.1\aspectjweaver-1.9.22.1.jar;D:\apache-maven-3.9.9-bin\apache-maven-3.9.9\repo\org\springframework\boot\spring-boot-starter-jdbc\3.3.5\spring-boot-starter-jdbc-3.3.5.jar;D:\apache-maven-3.9.9-bin\apache-maven-3.9.9\repo\com\zaxxer\HikariCP\5.1.0\HikariCP-5.1.0.jar;D:\apache-maven-3.9.9-bin\apache-maven-3.9.9\repo\org\springframework\spring-jdbc\6.1.14\spring-jdbc-6.1.14.jar;D:\apache-maven-3.9.9-bin\apache-maven-3.9.9\repo\org\hibernate\orm\hibernate-core\6.5.3.Final\hibernate-core-6.5.3.Final.jar;D:\apache-maven-3.9.9-bin\apache-maven-3.9.9\repo\jakarta\persistence\jakarta.persistence-api\3.1.0\jakarta.persistence-api-3.1.0.jar;D:\apache-maven-3.9.9-bin\apache-maven-3.9.9\repo\jakarta\transaction\jakarta.transaction-api\2.0.1\jakarta.transaction-api-2.0.1.jar;D:\apache-maven-3.9.9-bin\apache-maven-3.9.9\repo\org\jboss\logging\jboss-logging\3.5.3.Final\jboss-logging-3.5.3.Final.jar;D:\apache-maven-3.9.9-bin\apache-maven-3.9.9\repo\org\hibernate\common\hibernate-commons-annotations\6.0.6.Final\hibernate-commons-annotations-6.0.6.Final.jar;D:\apache-maven-3.9.9-bin\apache-maven-3.9.9\repo\io\smallrye\jandex\3.1.2\jandex-3.1.2.jar;D:\apache-maven-3.9.9-bin\apache-maven-3.9.9\repo\com\fasterxml\classmate\1.7.0\classmate-1.7.0.jar;D:\apache-maven-3.9.9-bin\apache-maven-3.9.9\repo\net\bytebuddy\byte-buddy\1.14.19\byte-buddy-1.14.19.jar;D:\apache-maven-3.9.9-bin\apache-maven-3.9.9\repo\org\glassfish\jaxb\jaxb-runtime\4.0.5\jaxb-runtime-4.0.5.jar;D:\apache-maven-3.9.9-bin\apache-maven-3.9.9\repo\org\glassfish\jaxb\jaxb-core\4.0.5\jaxb-core-4.0.5.jar;D:\apache-maven-3.9.9-bin\apache-maven-3.9.9\repo\org\eclipse\angus\angus-activation\2.0.2\angus-activation-2.0.2.jar;D:\apache-maven-3.9.9-bin\apache-maven-3.9.9\repo\org\glassfish\jaxb\txw2\4.0.5\txw2-4.0.5.jar;D:\apache-maven-3.9.9-bin\apache-maven-3.9.9\repo\com\sun\istack\istack-commons-runtime\4.1.2\istack-commons-runtime-4.1.2.jar;D:\apache-maven-3.9.9-bin\apache-maven-3.9.9\repo\jakarta\inject\jakarta.inject-api\2.0.1\jakarta.inject-api-2.0.1.jar;D:\apache-maven-3.9.9-bin\apache-maven-3.9.9\repo\org\antlr\antlr4-runtime\4.13.0\antlr4-runtime-4.13.0.jar;D:\apache-maven-3.9.9-bin\apache-maven-3.9.9\repo\org\springframework\data\spring-data-jpa\3.3.5\spring-data-jpa-3.3.5.jar;D:\apache-maven-3.9.9-bin\apache-maven-3.9.9\repo\org\springframework\data\spring-data-commons\3.3.5\spring-data-commons-3.3.5.jar;D:\apache-maven-3.9.9-bin\apache-maven-3.9.9\repo\org\springframework\spring-orm\6.1.14\spring-orm-6.1.14.jar;D:\apache-maven-3.9.9-bin\apache-maven-3.9.9\repo\org\springframework\spring-context\6.1.14\spring-context-6.1.14.jar;D:\apache-maven-3.9.9-bin\apache-maven-3.9.9\repo\org\springframework\spring-tx\6.1.14\spring-tx-6.1.14.jar;D:\apache-maven-3.9.9-bin\apache-maven-3.9.9\repo\org\springframework\spring-beans\6.1.14\spring-beans-6.1.14.jar;D:\apache-maven-3.9.9-bin\apache-maven-3.9.9\repo\jakarta\annotation\jakarta.annotation-api\2.1.1\jakarta.annotation-api-2.1.1.jar;D:\apache-maven-3.9.9-bin\apache-maven-3.9.9\repo\org\slf4j\slf4j-api\2.0.16\slf4j-api-2.0.16.jar;D:\apache-maven-3.9.9-bin\apache-maven-3.9.9\repo\org\springframework\spring-aspects\6.1.14\spring-aspects-6.1.14.jar;D:\apache-maven-3.9.9-bin\apache-maven-3.9.9\repo\org\springframework\boot\spring-boot-starter-web\3.3.5\spring-boot-starter-web-3.3.5.jar;D:\apache-maven-3.9.9-bin\apache-maven-3.9.9\repo\org\springframework\boot\spring-boot-starter\3.3.5\spring-boot-starter-3.3.5.jar;D:\apache-maven-3.9.9-bin\apache-maven-3.9.9\repo\org\springframework\boot\spring-boot\3.3.5\spring-boot-3.3.5.jar;D:\apache-maven-3.9.9-bin\apache-maven-3.9.9\repo\org\springframework\boot\spring-boot-starter-logging\3.3.5\spring-boot-starter-logging-3.3.5.jar;D:\apache-maven-3.9.9-bin\apache-maven-3.9.9\repo\ch\qos\logback\logback-classic\1.5.11\logback-classic-1.5.11.jar;D:\apache-maven-3.9.9-bin\apache-maven-3.9.9\repo\ch\qos\logback\logback-core\1.5.11\logback-core-1.5.11.jar;D:\apache-maven-3.9.9-bin\apache-maven-3.9.9\repo\org\apache\logging\log4j\log4j-to-slf4j\2.23.1\log4j-to-slf4j-2.23.1.jar;D:\apache-maven-3.9.9-bin\apache-maven-3.9.9\repo\org\apache\logging\log4j\log4j-api\2.23.1\log4j-api-2.23.1.jar;D:\apache-maven-3.9.9-bin\apache-maven-3.9.9\repo\org\slf4j\jul-to-slf4j\2.0.16\jul-to-slf4j-2.0.16.jar;D:\apache-maven-3.9.9-bin\apache-maven-3.9.9\repo\org\yaml\snakeyaml\2.2\snakeyaml-2.2.jar;D:\apache-maven-3.9.9-bin\apache-maven-3.9.9\repo\org\springframework\boot\spring-boot-starter-json\3.3.5\spring-boot-starter-json-3.3.5.jar;D:\apache-maven-3.9.9-bin\apache-maven-3.9.9\repo\com\fasterxml\jackson\core\jackson-databind\2.17.2\jackson-databind-2.17.2.jar;D:\apache-maven-3.9.9-bin\apache-maven-3.9.9\repo\com\fasterxml\jackson\core\jackson-annotations\2.17.2\jackson-annotations-2.17.2.jar;D:\apache-maven-3.9.9-bin\apache-maven-3.9.9\repo\com\fasterxml\jackson\core\jackson-core\2.17.2\jackson-core-2.17.2.jar;D:\apache-maven-3.9.9-bin\apache-maven-3.9.9\repo\com\fasterxml\jackson\datatype\jackson-datatype-jdk8\2.17.2\jackson-datatype-jdk8-2.17.2.jar;D:\apache-maven-3.9.9-bin\apache-maven-3.9.9\repo\com\fasterxml\jackson\datatype\jackson-datatype-jsr310\2.17.2\jackson-datatype-jsr310-2.17.2.jar;D:\apache-maven-3.9.9-bin\apache-maven-3.9.9\repo\com\fasterxml\jackson\module\jackson-module-parameter-names\2.17.2\jackson-module-parameter-names-2.17.2.jar;D:\apache-maven-3.9.9-bin\apache-maven-3.9.9\repo\org\springframework\boot\spring-boot-starter-tomcat\3.3.5\spring-boot-starter-tomcat-3.3.5.jar;D:\apache-maven-3.9.9-bin\apache-maven-3.9.9\repo\org\apache\tomcat\embed\tomcat-embed-core\10.1.31\tomcat-embed-core-10.1.31.jar;D:\apache-maven-3.9.9-bin\apache-maven-3.9.9\repo\org\apache\tomcat\embed\tomcat-embed-el\10.1.31\tomcat-embed-el-10.1.31.jar;D:\apache-maven-3.9.9-bin\apache-maven-3.9.9\repo\org\apache\tomcat\embed\tomcat-embed-websocket\10.1.31\tomcat-embed-websocket-10.1.31.jar;D:\apache-maven-3.9.9-bin\apache-maven-3.9.9\repo\org\springframework\spring-web\6.1.14\spring-web-6.1.14.jar;D:\apache-maven-3.9.9-bin\apache-maven-3.9.9\repo\io\micrometer\micrometer-observation\1.13.6\micrometer-observation-1.13.6.jar;D:\apache-maven-3.9.9-bin\apache-maven-3.9.9\repo\io\micrometer\micrometer-commons\1.13.6\micrometer-commons-1.13.6.jar;D:\apache-maven-3.9.9-bin\apache-maven-3.9.9\repo\org\springframework\spring-webmvc\6.1.14\spring-webmvc-6.1.14.jar;D:\apache-maven-3.9.9-bin\apache-maven-3.9.9\repo\org\springframework\spring-expression\6.1.14\spring-expression-6.1.14.jar;D:\apache-maven-3.9.9-bin\apache-maven-3.9.9\repo\com\baomidou\mybatis-plus-spring-boot3-starter\3.5.5\mybatis-plus-spring-boot3-starter-3.5.5.jar;D:\apache-maven-3.9.9-bin\apache-maven-3.9.9\repo\com\baomidou\mybatis-plus\3.5.5\mybatis-plus-3.5.5.jar;D:\apache-maven-3.9.9-bin\apache-maven-3.9.9\repo\com\baomidou\mybatis-plus-core\3.5.5\mybatis-plus-core-3.5.5.jar;D:\apache-maven-3.9.9-bin\apache-maven-3.9.9\repo\com\baomidou\mybatis-plus-annotation\3.5.5\mybatis-plus-annotation-3.5.5.jar;D:\apache-maven-3.9.9-bin\apache-maven-3.9.9\repo\com\baomidou\mybatis-plus-extension\3.5.5\mybatis-plus-extension-3.5.5.jar;D:\apache-maven-3.9.9-bin\apache-maven-3.9.9\repo\org\mybatis\mybatis\3.5.15\mybatis-3.5.15.jar;D:\apache-maven-3.9.9-bin\apache-maven-3.9.9\repo\com\github\jsqlparser\jsqlparser\4.6\jsqlparser-4.6.jar;D:\apache-maven-3.9.9-bin\apache-maven-3.9.9\repo\org\mybatis\mybatis-spring\3.0.3\mybatis-spring-3.0.3.jar;D:\apache-maven-3.9.9-bin\apache-maven-3.9.9\repo\com\baomidou\mybatis-plus-spring-boot-autoconfigure\3.5.5\mybatis-plus-spring-boot-autoconfigure-3.5.5.jar;D:\apache-maven-3.9.9-bin\apache-maven-3.9.9\repo\org\springframework\boot\spring-boot-autoconfigure\3.3.5\spring-boot-autoconfigure-3.3.5.jar;D:\apache-maven-3.9.9-bin\apache-maven-3.9.9\repo\com\mysql\mysql-connector-j\8.3.0\mysql-connector-j-8.3.0.jar;D:\apache-maven-3.9.9-bin\apache-maven-3.9.9\repo\org\projectlombok\lombok\1.18.34\lombok-1.18.34.jar;D:\apache-maven-3.9.9-bin\apache-maven-3.9.9\repo\org\springframework\boot\spring-boot-starter-test\3.3.5\spring-boot-starter-test-3.3.5.jar;D:\apache-maven-3.9.9-bin\apache-maven-3.9.9\repo\org\springframework\boot\spring-boot-test\3.3.5\spring-boot-test-3.3.5.jar;D:\apache-maven-3.9.9-bin\apache-maven-3.9.9\repo\org\springframework\boot\spring-boot-test-autoconfigure\3.3.5\spring-boot-test-autoconfigure-3.3.5.jar;D:\apache-maven-3.9.9-bin\apache-maven-3.9.9\repo\com\jayway\jsonpath\json-path\2.9.0\json-path-2.9.0.jar;D:\apache-maven-3.9.9-bin\apache-maven-3.9.9\repo\jakarta\xml\bind\jakarta.xml.bind-api\4.0.2\jakarta.xml.bind-api-4.0.2.jar;D:\apache-maven-3.9.9-bin\apache-maven-3.9.9\repo\jakarta\activation\jakarta.activation-api\2.1.3\jakarta.activation-api-2.1.3.jar;D:\apache-maven-3.9.9-bin\apache-maven-3.9.9\repo\net\minidev\json-smart\2.5.1\json-smart-2.5.1.jar;D:\apache-maven-3.9.9-bin\apache-maven-3.9.9\repo\net\minidev\accessors-smart\2.5.1\accessors-smart-2.5.1.jar;D:\apache-maven-3.9.9-bin\apache-maven-3.9.9\repo\org\ow2\asm\asm\9.6\asm-9.6.jar;D:\apache-maven-3.9.9-bin\apache-maven-3.9.9\repo\org\assertj\assertj-core\3.25.3\assertj-core-3.25.3.jar;D:\apache-maven-3.9.9-bin\apache-maven-3.9.9\repo\org\awaitility\awaitility\4.2.2\awaitility-4.2.2.jar;D:\apache-maven-3.9.9-bin\apache-maven-3.9.9\repo\org\hamcrest\hamcrest\2.2\hamcrest-2.2.jar;D:\apache-maven-3.9.9-bin\apache-maven-3.9.9\repo\org\junit\jupiter\junit-jupiter\5.10.5\junit-jupiter-5.10.5.jar;D:\apache-maven-3.9.9-bin\apache-maven-3.9.9\repo\org\junit\jupiter\junit-jupiter-api\5.10.5\junit-jupiter-api-5.10.5.jar;D:\apache-maven-3.9.9-bin\apache-maven-3.9.9\repo\org\opentest4j\opentest4j\1.3.0\opentest4j-1.3.0.jar;D:\apache-maven-3.9.9-bin\apache-maven-3.9.9\repo\org\junit\platform\junit-platform-commons\1.10.5\junit-platform-commons-1.10.5.jar;D:\apache-maven-3.9.9-bin\apache-maven-3.9.9\repo\org\apiguardian\apiguardian-api\1.1.2\apiguardian-api-1.1.2.jar;D:\apache-maven-3.9.9-bin\apache-maven-3.9.9\repo\org\junit\jupiter\junit-jupiter-params\5.10.5\junit-jupiter-params-5.10.5.jar;D:\apache-maven-3.9.9-bin\apache-maven-3.9.9\repo\org\junit\jupiter\junit-jupiter-engine\5.10.5\junit-jupiter-engine-5.10.5.jar;D:\apache-maven-3.9.9-bin\apache-maven-3.9.9\repo\org\junit\platform\junit-platform-engine\1.10.5\junit-platform-engine-1.10.5.jar;D:\apache-maven-3.9.9-bin\apache-maven-3.9.9\repo\org\mockito\mockito-core\5.11.0\mockito-core-5.11.0.jar;D:\apache-maven-3.9.9-bin\apache-maven-3.9.9\repo\net\bytebuddy\byte-buddy-agent\1.14.19\byte-buddy-agent-1.14.19.jar;D:\apache-maven-3.9.9-bin\apache-maven-3.9.9\repo\org\objenesis\objenesis\3.3\objenesis-3.3.jar;D:\apache-maven-3.9.9-bin\apache-maven-3.9.9\repo\org\mockito\mockito-junit-jupiter\5.11.0\mockito-junit-jupiter-5.11.0.jar;D:\apache-maven-3.9.9-bin\apache-maven-3.9.9\repo\org\skyscreamer\jsonassert\1.5.3\jsonassert-1.5.3.jar;D:\apache-maven-3.9.9-bin\apache-maven-3.9.9\repo\com\vaadin\external\google\android-json\0.0.20131108.vaadin1\android-json-0.0.20131108.vaadin1.jar;D:\apache-maven-3.9.9-bin\apache-maven-3.9.9\repo\org\springframework\spring-core\6.1.14\spring-core-6.1.14.jar;D:\apache-maven-3.9.9-bin\apache-maven-3.9.9\repo\org\springframework\spring-jcl\6.1.14\spring-jcl-6.1.14.jar;D:\apache-maven-3.9.9-bin\apache-maven-3.9.9\repo\org\springframework\spring-test\6.1.14\spring-test-6.1.14.jar;D:\apache-maven-3.9.9-bin\apache-maven-3.9.9\repo\org\xmlunit\xmlunit-core\2.9.1\xmlunit-core-2.9.1.jar;D:\apache-maven-3.9.9-bin\apache-maven-3.9.9\repo\javax\persistence\persistence-api\1.0.2\persistence-api-1.0.2.jar;D:\apache-maven-3.9.9-bin\apache-maven-3.9.9\repo\javax\annotation\javax.annotation-api\1.3.2\javax.annotation-api-1.3.2.jar;"/>
    <property name="sun.cpu.endian" value="little"/>
    <property name="user.home" value="C:\Users\19222"/>
    <property name="user.language" value="zh"/>
    <property name="java.specification.vendor" value="Oracle Corporation"/>
    <property name="java.version.date" value="2022-01-18"/>
    <property name="java.home" value="D:\Java\jdk17"/>
    <property name="file.separator" value="\"/>
    <property name="style.color" value="always"/>
    <property name="basedir" value="D:\eclipse-workspace\api_server"/>
    <property name="java.vm.compressedOopsMode" value="Zero based"/>
    <property name="line.separator" value="&#10;"/>
    <property name="java.vm.specification.vendor" value="Oracle Corporation"/>
    <property name="java.specification.name" value="Java Platform API Specification"/>
    <property name="FILE_LOG_CHARSET" value="GBK"/>
    <property name="java.awt.headless" value="true"/>
    <property name="surefire.real.class.path" value="C:\Users\19222\AppData\Local\Temp\surefire15850233506031109442\surefirebooter-20241115145251845_3.jar"/>
    <property name="user.script" value=""/>
    <property name="sun.management.compiler" value="HotSpot 64-Bit Tiered Compilers"/>
    <property name="java.runtime.version" value="17.0.2+8-LTS-86"/>
    <property name="user.name" value="19222"/>
    <property name="path.separator" value=";"/>
    <property name="os.version" value="10.0"/>
    <property name="java.runtime.name" value="Java(TM) SE Runtime Environment"/>
    <property name="file.encoding" value="GBK"/>
    <property name="java.vm.name" value="Java HotSpot(TM) 64-Bit Server VM"/>
    <property name="localRepository" value="D:\apache-maven-3.9.9-bin\apache-maven-3.9.9\repo"/>
    <property name="java.vendor.url.bug" value="https://bugreport.java.com/bugreport/"/>
    <property name="java.io.tmpdir" value="C:\Users\19222\AppData\Local\Temp\"/>
    <property name="com.zaxxer.hikari.pool_number" value="1"/>
    <property name="java.version" value="17.0.2"/>
    <property name="user.dir" value="D:\eclipse-workspace\api_server"/>
    <property name="os.arch" value="amd64"/>
    <property name="java.vm.specification.name" value="Java Virtual Machine Specification"/>
    <property name="PID" value="17180"/>
    <property name="sun.os.patch.level" value=""/>
    <property name="CONSOLE_LOG_CHARSET" value="GBK"/>
    <property name="native.encoding" value="GBK"/>
    <property name="java.library.path" value="D:\Java\jdk17\bin;C:\WINDOWS\Sun\Java\bin;C:\WINDOWS\system32;C:\WINDOWS;C:/Users/19222/.p2/pool/plugins/org.eclipse.justj.openjdk.hotspot.jre.full.win32.x86_64_23.0.1.v20241024-1700/jre/bin/server;C:/Users/19222/.p2/pool/plugins/org.eclipse.justj.openjdk.hotspot.jre.full.win32.x86_64_23.0.1.v20241024-1700/jre/bin;C:\WINDOWS\system32;D:\DOSBox-0.74\DOSBox.exe;D:\微信web开发者工具\dll;D:\mys;l-8.0.28-winx64\bin;D:\Java\jdk17\bin;D:\neo4j-community-5.6.0\bin;C:\Windows\System32\WindowsPowerShell\v1.0;D:\nodejs;D:\Cmake\bin;D:\GnuWin32\bin;D:\UnxUtils\usr\local\wbin;D:\Git\cmd;D:\apache-maven-3.9.9-bin\apache-maven-3.9.9\bin;;C:\WINDOWS;C:\WINDOWS\System32\Wbem;C:\WINDOWS\System32\WindowsPowerShell\v1.0\;C:\WINDOWS\System32\OpenSSH\;C:\Users\19222\anaconda3;C:\Users\19222\anaconda3\Library\mingw-w64\bin;C:\Users\19222\anaconda3\Library\usr\bin;C:\Users\19222\anaconda3\Library\bin;C:\Users\19222\anaconda3\Scripts;D:\Python\Scripts\;D:\Python\;%USERPROFILE%\AppData\Local\Microsoft\WindowsApps;D:\MinGW\bin;C:\Program Files\Bandizip\;C:\Users\19222\AppData\Roaming\npm;D:\phpstudy_pro\Extensions\php\php7.3.4nts;C:\Users\19222\AppData\Local\ComposerSetup\bin;C:\Users\19222\AppData\Roaming\Composer\vendor\bin;D:\phpstudy_pro\Extensions\php\php7.4.3nts;C:\Users\19222\AppData\Local\Programs\Microsoft VS Code\bin;%SystemRoot%\system32;D:\mysql-8.0.28-winx64\bin;D:\nodejs;%PyCharm Community Edition%;%PyCharm%;C:\Users\19222\AppData\Local\Temp\BNZ.6590022b5efa45\Hall.58003\;;C:\Users\19222\Desktop;;."/>
    <property name="java.vm.info" value="mixed mode, sharing"/>
    <property name="java.vendor" value="Oracle Corporation"/>
    <property name="java.vm.version" value="17.0.2+8-LTS-86"/>
    <property name="sun.io.unicode.encoding" value="UnicodeLittle"/>
    <property name="java.class.version" value="61.0"/>
  </properties>
  <testcase name="findAll" classname="com.example.demo.ApiServerApplicationTests" time="0.9">
    <system-out><![CDATA[14:52:52.864 [main] INFO org.springframework.test.context.support.AnnotationConfigContextLoaderUtils -- Could not detect default configuration classes for test class [com.example.demo.ApiServerApplicationTests]: ApiServerApplicationTests does not declare any static, non-private, non-final, nested classes annotated with @Configuration.
14:52:52.982 [main] INFO org.springframework.boot.test.context.SpringBootTestContextBootstrapper -- Found @SpringBootConfiguration com.example.demo.ApiServerApplication for test class com.example.demo.ApiServerApplicationTests

  .   ____          _            __ _ _
 /\\ / ___'_ __ _ _(_)_ __  __ _ \ \ \ \
( ( )\___ | '_ | '_| | '_ \/ _` | \ \ \ \
 \\/  ___)| |_)| | | | | || (_| |  ) ) ) )
  '  |____| .__|_| |_|_| |_\__, | / / / /
 =========|_|==============|___/=/_/_/_/

 :: Spring Boot ::                (v3.3.5)

2024-11-15T14:52:53.567+08:00  INFO 17180 --- [           main] c.e.demo.ApiServerApplicationTests       : Starting ApiServerApplicationTests using Java 17.0.2 with PID 17180 (started by 19222 in D:\eclipse-workspace\api_server)
2024-11-15T14:52:53.569+08:00  INFO 17180 --- [           main] c.e.demo.ApiServerApplicationTests       : No active profile set, falling back to 1 default profile: "default"
2024-11-15T14:52:54.436+08:00  INFO 17180 --- [           main] .s.d.r.c.RepositoryConfigurationDelegate : Bootstrapping Spring Data JPA repositories in DEFAULT mode.
2024-11-15T14:52:54.465+08:00  INFO 17180 --- [           main] .s.d.r.c.RepositoryConfigurationDelegate : Finished Spring Data repository scanning in 16 ms. Found 0 JPA repository interfaces.
2024-11-15T14:52:55.137+08:00  INFO 17180 --- [           main] com.zaxxer.hikari.HikariDataSource       : HikariPool-1 - Starting...
2024-11-15T14:52:55.508+08:00  INFO 17180 --- [           main] com.zaxxer.hikari.pool.HikariPool        : HikariPool-1 - Added connection com.mysql.cj.jdbc.ConnectionImpl@1e12a5a6
2024-11-15T14:52:55.510+08:00  INFO 17180 --- [           main] com.zaxxer.hikari.HikariDataSource       : HikariPool-1 - Start completed.
2024-11-15T14:52:55.576+08:00  INFO 17180 --- [           main] o.hibernate.jpa.internal.util.LogHelper  : HHH000204: Processing PersistenceUnitInfo [name: default]
2024-11-15T14:52:55.655+08:00  INFO 17180 --- [           main] org.hibernate.Version                    : HHH000412: Hibernate ORM core version 6.5.3.Final
2024-11-15T14:52:55.695+08:00  INFO 17180 --- [           main] o.h.c.internal.RegionFactoryInitiator    : HHH000026: Second-level cache disabled
2024-11-15T14:52:56.193+08:00  INFO 17180 --- [           main] o.s.o.j.p.SpringPersistenceUnitInfo      : No LoadTimeWeaver setup: ignoring JPA class transformer
2024-11-15T14:52:56.727+08:00  INFO 17180 --- [           main] o.h.e.t.j.p.i.JtaPlatformInitiator       : HHH000489: No JTA platform available (set 'hibernate.transaction.jta.platform' to enable JTA platform integration)
2024-11-15T14:52:56.733+08:00  INFO 17180 --- [           main] j.LocalContainerEntityManagerFactoryBean : Initialized JPA EntityManagerFactory for persistence unit 'default'
 _ _   |_  _ _|_. ___ _ |    _ 
| | |\/|_)(_| | |_\  |_)||_|_\ 
     /               |         
                        3.5.5 
2024-11-15T14:52:57.377+08:00  WARN 17180 --- [           main] JpaBaseConfiguration$JpaWebConfiguration : spring.jpa.open-in-view is enabled by default. Therefore, database queries may be performed during view rendering. Explicitly configure spring.jpa.open-in-view to disable this warning
2024-11-15T14:52:58.286+08:00  INFO 17180 --- [           main] c.e.demo.ApiServerApplicationTests       : Started ApiServerApplicationTests in 5.109 seconds (process running for 6.234)
]]></system-out>
  </testcase>
</testsuite>